<?xml version="1.0" encoding="UTF-8"?>
<robot generator="Robot 3.2.2 (Python 3.9.1 on win32)" generated="20210204 19:36:24.492" rpa="false">
<suite id="s1" name="Test1" source="C:\Users\Jingfeng\eclipse-workspace\RobotProject3\TestCases\Test1.robot">
<test id="s1-t1" name="loginTest1">
<kw name="Open Browser" library="SeleniumLibrary">
<doc>Opens a new browser instance to the optional ``url``.</doc>
<arguments>
<arg>https://opensource-demo.orangehrmlive.com/</arg>
<arg>gc</arg>
</arguments>
<msg timestamp="20210204 19:36:24.888" level="INFO">Opening browser 'gc' to base url 'https://opensource-demo.orangehrmlive.com/'.</msg>
<status status="PASS" starttime="20210204 19:36:24.888" endtime="20210204 19:37:10.756"></status>
</kw>
<kw name="Maximize Browser Window" library="SeleniumLibrary">
<doc>Maximizes current browser window.</doc>
<kw name="Capture Page Screenshot" library="SeleniumLibrary">
<doc>Takes a screenshot of the current page and embeds it into a log file.</doc>
<msg timestamp="20210204 19:37:10.792" level="FAIL">NoSuchWindowException: Message: no such window: target window already closed
from unknown error: web view not found
  (Session info: chrome=88.0.4324.96)
</msg>
<status status="FAIL" starttime="20210204 19:37:10.774" endtime="20210204 19:37:10.792"></status>
</kw>
<msg timestamp="20210204 19:37:10.792" level="WARN">Keyword 'Capture Page Screenshot' could not be run on failure: NoSuchWindowException: Message: no such window: target window already closed
from unknown error: web view not found
  (Session info: chrome=88.0.4324.96)
</msg>
<msg timestamp="20210204 19:37:10.827" level="FAIL">NoSuchWindowException: Message: no such window: target window already closed
from unknown error: web view not found
  (Session info: chrome=88.0.4324.96)
</msg>
<status status="FAIL" starttime="20210204 19:37:10.758" endtime="20210204 19:37:10.827"></status>
</kw>
<status status="FAIL" starttime="20210204 19:36:24.887" endtime="20210204 19:37:10.830" critical="yes">NoSuchWindowException: Message: no such window: target window already closed
from unknown error: web view not found
  (Session info: chrome=88.0.4324.96)
</status>
</test>
<test id="s1-t2" name="loginTest2">
<kw name="Open Browser" library="SeleniumLibrary">
<doc>Opens a new browser instance to the optional ``url``.</doc>
<arguments>
<arg>https://opensource-demo.orangehrmlive.com/</arg>
<arg>gc</arg>
</arguments>
<msg timestamp="20210204 19:37:10.835" level="INFO">Opening browser 'gc' to base url 'https://opensource-demo.orangehrmlive.com/'.</msg>
<status status="PASS" starttime="20210204 19:37:10.834" endtime="20210204 19:37:23.810"></status>
</kw>
<kw name="Maximize Browser Window" library="SeleniumLibrary">
<doc>Maximizes current browser window.</doc>
<status status="PASS" starttime="20210204 19:37:23.812" endtime="20210204 19:37:52.156"></status>
</kw>
<kw name="Input Text" library="SeleniumLibrary">
<doc>Types the given ``text`` into the text field identified by ``locator``.</doc>
<arguments>
<arg>xpath=//input[@id='txtUsername']</arg>
<arg>Admin</arg>
</arguments>
<msg timestamp="20210204 19:37:52.160" level="INFO">Typing text 'Admin' into text field 'xpath=//input[@id='txtUsername']'.</msg>
<kw name="Capture Page Screenshot" library="SeleniumLibrary">
<doc>Takes a screenshot of the current page and embeds it into a log file.</doc>
<msg timestamp="20210204 19:38:16.236" level="FAIL">WebDriverException: Message: chrome not reachable
  (Session info: chrome=88.0.4324.96)
</msg>
<status status="FAIL" starttime="20210204 19:38:04.190" endtime="20210204 19:38:16.237"></status>
</kw>
<msg timestamp="20210204 19:38:16.237" level="WARN">Keyword 'Capture Page Screenshot' could not be run on failure: WebDriverException: Message: chrome not reachable
  (Session info: chrome=88.0.4324.96)
</msg>
<msg timestamp="20210204 19:38:16.247" level="FAIL">WebDriverException: Message: chrome not reachable
  (Session info: chrome=88.0.4324.96)
</msg>
<status status="FAIL" starttime="20210204 19:37:52.158" endtime="20210204 19:38:16.247"></status>
</kw>
<status status="FAIL" starttime="20210204 19:37:10.833" endtime="20210204 19:38:16.248" critical="yes">WebDriverException: Message: chrome not reachable
  (Session info: chrome=88.0.4324.96)
</status>
</test>
<test id="s1-t3" name="loginTest3">
<kw name="Open Browser" library="SeleniumLibrary">
<doc>Opens a new browser instance to the optional ``url``.</doc>
<arguments>
<arg>https://opensource-demo.orangehrmlive.com/</arg>
<arg>gc</arg>
</arguments>
<msg timestamp="20210204 19:38:16.254" level="INFO">Opening browser 'gc' to base url 'https://opensource-demo.orangehrmlive.com/'.</msg>
<status status="PASS" starttime="20210204 19:38:16.253" endtime="20210204 19:38:27.011"></status>
</kw>
<kw name="Maximize Browser Window" library="SeleniumLibrary">
<doc>Maximizes current browser window.</doc>
<status status="PASS" starttime="20210204 19:38:27.013" endtime="20210204 19:38:27.157"></status>
</kw>
<kw name="Input Text" library="SeleniumLibrary">
<doc>Types the given ``text`` into the text field identified by ``locator``.</doc>
<arguments>
<arg>xpath=//input[@id='txtUsername']</arg>
<arg>Admin</arg>
</arguments>
<msg timestamp="20210204 19:38:27.159" level="INFO">Typing text 'Admin' into text field 'xpath=//input[@id='txtUsername']'.</msg>
<status status="PASS" starttime="20210204 19:38:27.159" endtime="20210204 19:38:27.395"></status>
</kw>
<kw name="Input Password" library="SeleniumLibrary">
<doc>Types the given password into the text field identified by ``locator``.</doc>
<arguments>
<arg>xpath=//input[@id='txtPassword']</arg>
<arg>admin123</arg>
</arguments>
<msg timestamp="20210204 19:38:27.396" level="INFO">Typing password into text field 'xpath=//input[@id='txtPassword']'.</msg>
<msg timestamp="20210204 19:38:27.534" level="INFO">Temporally setting log level to: NONE</msg>
<msg timestamp="20210204 19:38:27.717" level="INFO">Log level changed from NONE to INFO.</msg>
<status status="PASS" starttime="20210204 19:38:27.396" endtime="20210204 19:38:27.718"></status>
</kw>
<kw name="Click Button" library="SeleniumLibrary">
<doc>Clicks the button identified by ``locator``.</doc>
<arguments>
<arg>xpath=//input[@id='btnLogin']</arg>
</arguments>
<msg timestamp="20210204 19:38:27.723" level="INFO">Clicking button 'xpath=//input[@id='btnLogin']'.</msg>
<status status="PASS" starttime="20210204 19:38:27.722" endtime="20210204 19:38:30.059"></status>
</kw>
<kw name="Wait Until Page Contains" library="SeleniumLibrary">
<doc>Waits until ``text`` appears on the current page.</doc>
<arguments>
<arg>Dashboardxxx</arg>
</arguments>
<kw name="Capture Page Screenshot" library="SeleniumLibrary">
<doc>Takes a screenshot of the current page and embeds it into a log file.</doc>
<msg timestamp="20210204 19:38:35.539" level="INFO" html="yes">&lt;/td&gt;&lt;/tr&gt;&lt;tr&gt;&lt;td colspan="3"&gt;&lt;a href="selenium-screenshot-7.png"&gt;&lt;img src="selenium-screenshot-7.png" width="800px"&gt;&lt;/a&gt;</msg>
<status status="PASS" starttime="20210204 19:38:35.090" endtime="20210204 19:38:35.540"></status>
</kw>
<msg timestamp="20210204 19:38:35.542" level="FAIL">Text 'Dashboardxxx' did not appear in 5 seconds.</msg>
<status status="FAIL" starttime="20210204 19:38:30.061" endtime="20210204 19:38:35.542"></status>
</kw>
<status status="FAIL" starttime="20210204 19:38:16.251" endtime="20210204 19:38:35.555" critical="yes">Text 'Dashboardxxx' did not appear in 5 seconds.</status>
</test>
<test id="s1-t4" name="loginTest4">
<kw name="Open Browser" library="SeleniumLibrary">
<doc>Opens a new browser instance to the optional ``url``.</doc>
<arguments>
<arg>https://opensource-demo.orangehrmlive.com/</arg>
<arg>gc</arg>
</arguments>
<msg timestamp="20210204 19:38:35.560" level="INFO">Opening browser 'gc' to base url 'https://opensource-demo.orangehrmlive.com/'.</msg>
<status status="PASS" starttime="20210204 19:38:35.560" endtime="20210204 19:38:47.732"></status>
</kw>
<kw name="Maximize Browser Window" library="SeleniumLibrary">
<doc>Maximizes current browser window.</doc>
<status status="PASS" starttime="20210204 19:38:47.733" endtime="20210204 19:38:47.896"></status>
</kw>
<kw name="Input Text" library="SeleniumLibrary">
<doc>Types the given ``text`` into the text field identified by ``locator``.</doc>
<arguments>
<arg>xpath=//input[@id='txtUsername']</arg>
<arg>Admin</arg>
</arguments>
<msg timestamp="20210204 19:38:47.897" level="INFO">Typing text 'Admin' into text field 'xpath=//input[@id='txtUsername']'.</msg>
<status status="PASS" starttime="20210204 19:38:47.897" endtime="20210204 19:38:48.120"></status>
</kw>
<kw name="Input Password" library="SeleniumLibrary">
<doc>Types the given password into the text field identified by ``locator``.</doc>
<arguments>
<arg>xpath=//input[@id='txtPassword']</arg>
<arg>admin123</arg>
</arguments>
<msg timestamp="20210204 19:38:48.122" level="INFO">Typing password into text field 'xpath=//input[@id='txtPassword']'.</msg>
<msg timestamp="20210204 19:38:48.226" level="INFO">Temporally setting log level to: NONE</msg>
<msg timestamp="20210204 19:38:48.382" level="INFO">Log level changed from NONE to INFO.</msg>
<status status="PASS" starttime="20210204 19:38:48.121" endtime="20210204 19:38:48.383"></status>
</kw>
<kw name="Click Button" library="SeleniumLibrary">
<doc>Clicks the button identified by ``locator``.</doc>
<arguments>
<arg>xpath=//input[@id='btnLogin1']</arg>
</arguments>
<msg timestamp="20210204 19:38:48.384" level="INFO">Clicking button 'xpath=//input[@id='btnLogin1']'.</msg>
<kw name="Capture Page Screenshot" library="SeleniumLibrary">
<doc>Takes a screenshot of the current page and embeds it into a log file.</doc>
<msg timestamp="20210204 19:38:48.948" level="INFO" html="yes">&lt;/td&gt;&lt;/tr&gt;&lt;tr&gt;&lt;td colspan="3"&gt;&lt;a href="selenium-screenshot-8.png"&gt;&lt;img src="selenium-screenshot-8.png" width="800px"&gt;&lt;/a&gt;</msg>
<status status="PASS" starttime="20210204 19:38:48.429" endtime="20210204 19:38:48.948"></status>
</kw>
<msg timestamp="20210204 19:38:48.951" level="FAIL">Button with locator 'xpath=//input[@id='btnLogin1']' not found.</msg>
<status status="FAIL" starttime="20210204 19:38:48.384" endtime="20210204 19:38:48.951"></status>
</kw>
<status status="FAIL" starttime="20210204 19:38:35.558" endtime="20210204 19:38:48.952" critical="yes">Button with locator 'xpath=//input[@id='btnLogin1']' not found.</status>
</test>
<status status="FAIL" starttime="20210204 19:36:24.498" endtime="20210204 19:38:48.956"></status>
</suite>
<statistics>
<total>
<stat pass="0" fail="4">Critical Tests</stat>
<stat pass="0" fail="4">All Tests</stat>
</total>
<tag>
</tag>
<suite>
<stat pass="0" fail="4" id="s1" name="Test1">Test1</stat>
</suite>
</statistics>
<errors>
<msg timestamp="20210204 19:37:10.792" level="WARN">Keyword 'Capture Page Screenshot' could not be run on failure: NoSuchWindowException: Message: no such window: target window already closed
from unknown error: web view not found
  (Session info: chrome=88.0.4324.96)
</msg>
<msg timestamp="20210204 19:38:16.237" level="WARN">Keyword 'Capture Page Screenshot' could not be run on failure: WebDriverException: Message: chrome not reachable
  (Session info: chrome=88.0.4324.96)
</msg>
</errors>
</robot>
